# JRE version: Java(TM) SE Runtime Environment (8.0_92-b14) (build 1.8.0_92-b14)
# Java VM: Java HotSpot(TM) 64-Bit Server VM (25.92-b14 mixed mode windows-amd64 compressed oops)
Heap:
 PSYoungGen      total 960512K, used 139740K [0x000000076ab00000, 0x00000007c0000000, 0x00000007c0000000)
  eden space 601088K, 14% used [0x000000076ab00000,0x000000077025e098,0x000000078f600000)
  from space 359424K, 13% used [0x000000078f600000,0x0000000792719280,0x00000007a5500000)
  to   space 384512K, 0% used [0x00000007a8880000,0x00000007a8880000,0x00000007c0000000)
 ParOldGen       total 1208832K, used 850981K [0x00000006c0000000, 0x0000000709c80000, 0x000000076ab00000)
  object space 1208832K, 70% used [0x00000006c0000000,0x00000006f3f09540,0x0000000709c80000)
 Metaspace       used 6799K, capacity 7384K, committed 7680K, reserved 1056768K
  class space    used 635K, capacity 656K, committed 768K, reserved 1048576K
GC Heap History (10 events):
Event: 25.398 GC heap before
{Heap before GC invocations=23 (full 5):
 PSYoungGen      total 790016K, used 680736K [0x000000076ab00000, 0x00000007ae100000, 0x00000007c0000000)
  eden space 543232K, 100% used [0x000000076ab00000,0x000000078bd80000,0x000000078bd80000)
  from space 246784K, 55% used [0x000000078bd80000,0x00000007943c81d0,0x000000079ae80000)
  to   space 249856K, 0% used [0x000000079ed00000,0x000000079ed00000,0x00000007ae100000)
 ParOldGen       total 851456K, used 631923K [0x00000006c0000000, 0x00000006f3f80000, 0x000000076ab00000)
  object space 851456K, 74% used [0x00000006c0000000,0x00000006e691cff0,0x00000006f3f80000)
 Metaspace       used 6692K, capacity 7320K, committed 7680K, reserved 1056768K
  class space    used 629K, capacity 656K, committed 768K, reserved 1048576K
Event: 25.554 GC heap after
Heap after GC invocations=23 (full 5):
 PSYoungGen      total 830464K, used 196800K [0x000000076ab00000, 0x00000007b1480000, 0x00000007c0000000)
  eden space 580608K, 0% used [0x000000076ab00000,0x000000076ab00000,0x000000078e200000)
  from space 249856K, 78% used [0x000000079ed00000,0x00000007aad30298,0x00000007ae100000)
  to   space 273408K, 0% used [0x000000078e200000,0x000000078e200000,0x000000079ed00000)
 ParOldGen       total 851456K, used 631923K [0x00000006c0000000, 0x00000006f3f80000, 0x000000076ab00000)
  object space 851456K, 74% used [0x00000006c0000000,0x00000006e691cff0,0x00000006f3f80000)
 Metaspace       used 6692K, capacity 7320K, committed 7680K, reserved 1056768K
  class space    used 629K, capacity 656K, committed 768K, reserved 1048576K
}
Event: 26.560 GC heap before
{Heap before GC invocations=24 (full 5):
 PSYoungGen      total 830464K, used 777408K [0x000000076ab00000, 0x00000007b1480000, 0x00000007c0000000)
  eden space 580608K, 100% used [0x000000076ab00000,0x000000078e200000,0x000000078e200000)
  from space 249856K, 78% used [0x000000079ed00000,0x00000007aad30298,0x00000007ae100000)
  to   space 273408K, 0% used [0x000000078e200000,0x000000078e200000,0x000000079ed00000)
 ParOldGen       total 851456K, used 631923K [0x00000006c0000000, 0x00000006f3f80000, 0x000000076ab00000)
  object space 851456K, 74% used [0x00000006c0000000,0x00000006e691cff0,0x00000006f3f80000)
 Metaspace       used 6692K, capacity 7320K, committed 7680K, reserved 1056768K
  class space    used 629K, capacity 656K, committed 768K, reserved 1048576K
Event: 26.805 GC heap after
Heap after GC invocations=24 (full 5):
 PSYoungGen      total 854016K, used 228225K [0x000000076ab00000, 0x00000007b7d00000, 0x00000007c0000000)
  eden space 580608K, 0% used [0x000000076ab00000,0x000000076ab00000,0x000000078e200000)
  from space 273408K, 83% used [0x000000078e200000,0x000000079c0e0608,0x000000079ed00000)
  to   space 303104K, 0% used [0x00000007a5500000,0x00000007a5500000,0x00000007b7d00000)
 ParOldGen       total 851456K, used 631923K [0x00000006c0000000, 0x00000006f3f80000, 0x000000076ab00000)
  object space 851456K, 74% used [0x00000006c0000000,0x00000006e691cff0,0x00000006f3f80000)
 Metaspace       used 6692K, capacity 7320K, committed 7680K, reserved 1056768K
  class space    used 629K, capacity 656K, committed 768K, reserved 1048576K
}
Event: 28.086 GC heap before
{Heap before GC invocations=25 (full 5):
 PSYoungGen      total 854016K, used 808833K [0x000000076ab00000, 0x00000007b7d00000, 0x00000007c0000000)
  eden space 580608K, 100% used [0x000000076ab00000,0x000000078e200000,0x000000078e200000)
  from space 273408K, 83% used [0x000000078e200000,0x000000079c0e0608,0x000000079ed00000)
  to   space 303104K, 0% used [0x00000007a5500000,0x00000007a5500000,0x00000007b7d00000)
 ParOldGen       total 851456K, used 631923K [0x00000006c0000000, 0x00000006f3f80000, 0x000000076ab00000)
  object space 851456K, 74% used [0x00000006c0000000,0x00000006e691cff0,0x00000006f3f80000)
 Metaspace       used 6764K, capacity 7384K, committed 7680K, reserved 1056768K
  class space    used 633K, capacity 656K, committed 768K, reserved 1048576K
Event: 28.459 GC heap after
Heap after GC invocations=25 (full 5):
 PSYoungGen      total 904192K, used 303095K [0x000000076ab00000, 0x00000007bf180000, 0x00000007c0000000)
  eden space 601088K, 0% used [0x000000076ab00000,0x000000076ab00000,0x000000078f600000)
  from space 303104K, 99% used [0x00000007a5500000,0x00000007b7cfdd18,0x00000007b7d00000)
  to   space 359424K, 0% used [0x000000078f600000,0x000000078f600000,0x00000007a5500000)
 ParOldGen       total 851456K, used 646178K [0x00000006c0000000, 0x00000006f3f80000, 0x000000076ab00000)
  object space 851456K, 75% used [0x00000006c0000000,0x00000006e7708ab8,0x00000006f3f80000)
 Metaspace       used 6764K, capacity 7384K, committed 7680K, reserved 1056768K
  class space    used 633K, capacity 656K, committed 768K, reserved 1048576K
}
Event: 29.883 GC heap before
{Heap before GC invocations=26 (full 5):
 PSYoungGen      total 904192K, used 904183K [0x000000076ab00000, 0x00000007bf180000, 0x00000007c0000000)
  eden space 601088K, 100% used [0x000000076ab00000,0x000000078f600000,0x000000078f600000)
  from space 303104K, 99% used [0x00000007a5500000,0x00000007b7cfdd18,0x00000007b7d00000)
  to   space 359424K, 0% used [0x000000078f600000,0x000000078f600000,0x00000007a5500000)
 ParOldGen       total 851456K, used 646178K [0x00000006c0000000, 0x00000006f3f80000, 0x000000076ab00000)
  object space 851456K, 75% used [0x00000006c0000000,0x00000006e7708ab8,0x00000006f3f80000)
 Metaspace       used 6799K, capacity 7384K, committed 7680K, reserved 1056768K
  class space    used 635K, capacity 656K, committed 768K, reserved 1048576K
Event: 30.319 GC heap after
Heap after GC invocations=26 (full 5):
 PSYoungGen      total 960512K, used 263693K [0x000000076ab00000, 0x00000007c0000000, 0x00000007c0000000)
  eden space 601088K, 0% used [0x000000076ab00000,0x000000076ab00000,0x000000078f600000)
  from space 359424K, 73% used [0x000000078f600000,0x000000079f783600,0x00000007a5500000)
  to   space 384512K, 0% used [0x00000007a8880000,0x00000007a8880000,0x00000007c0000000)
 ParOldGen       total 851456K, used 783123K [0x00000006c0000000, 0x00000006f3f80000, 0x000000076ab00000)
  object space 851456K, 91% used [0x00000006c0000000,0x00000006efcc4e68,0x00000006f3f80000)
 Metaspace       used 6799K, capacity 7384K, committed 7680K, reserved 1056768K
  class space    used 635K, capacity 656K, committed 768K, reserved 1048576K
}
Event: 30.319 GC heap before
{Heap before GC invocations=27 (full 6):
 PSYoungGen      total 960512K, used 263693K [0x000000076ab00000, 0x00000007c0000000, 0x00000007c0000000)
  eden space 601088K, 0% used [0x000000076ab00000,0x000000076ab00000,0x000000078f600000)
  from space 359424K, 73% used [0x000000078f600000,0x000000079f783600,0x00000007a5500000)
  to   space 384512K, 0% used [0x00000007a8880000,0x00000007a8880000,0x00000007c0000000)
 ParOldGen       total 851456K, used 783123K [0x00000006c0000000, 0x00000006f3f80000, 0x000000076ab00000)
  object space 851456K, 91% used [0x00000006c0000000,0x00000006efcc4e68,0x00000006f3f80000)
 Metaspace       used 6799K, capacity 7384K, committed 7680K, reserved 1056768K
  class space    used 635K, capacity 656K, committed 768K, reserved 1048576K
Event: 36.312 GC heap after
Heap after GC invocations=27 (full 6):
 PSYoungGen      total 960512K, used 50276K [0x000000076ab00000, 0x00000007c0000000, 0x00000007c0000000)
  eden space 601088K, 0% used [0x000000076ab00000,0x000000076ab00000,0x000000078f600000)
  from space 359424K, 13% used [0x000000078f600000,0x0000000792719280,0x00000007a5500000)
  to   space 384512K, 0% used [0x00000007a8880000,0x00000007a8880000,0x00000007c0000000)
 ParOldGen       total 1208832K, used 850981K [0x00000006c0000000, 0x0000000709c80000, 0x000000076ab00000)
  object space 1208832K, 70% used [0x00000006c0000000,0x00000006f3f09540,0x0000000709c80000)
 Metaspace       used 6799K, capacity 7384K, committed 7680K, reserved 1056768K
  class space    used 635K, capacity 656K, committed 768K, reserved 1048576K
}

