# JRE version: Java(TM) SE Runtime Environment (8.0_92-b14) (build 1.8.0_92-b14)
# Java VM: Java HotSpot(TM) 64-Bit Server VM (25.92-b14 mixed mode windows-amd64 compressed oops)
Heap:
 PSYoungGen      total 853504K, used 632403K [0x000000076ab00000, 0x00000007b3880000, 0x00000007c0000000)
  eden space 599040K, 75% used [0x000000076ab00000,0x000000078676b340,0x000000078f400000)
  from space 254464K, 69% used [0x000000078f400000,0x000000079a129c98,0x000000079ec80000)
  to   space 268288K, 0% used [0x00000007a3280000,0x00000007a3280000,0x00000007b3880000)
 ParOldGen       total 1119744K, used 675342K [0x00000006c0000000, 0x0000000704580000, 0x000000076ab00000)
  object space 1119744K, 60% used [0x00000006c0000000,0x00000006e93838e8,0x0000000704580000)
 Metaspace       used 6802K, capacity 7384K, committed 7680K, reserved 1056768K
  class space    used 634K, capacity 656K, committed 768K, reserved 1048576K
GC Heap History (10 events):
Event: 33.322 GC heap before
{Heap before GC invocations=23 (full 5):
 PSYoungGen      total 684544K, used 587714K [0x000000076ab00000, 0x00000007ab400000, 0x00000007c0000000)
  eden space 541696K, 100% used [0x000000076ab00000,0x000000078bc00000,0x000000078bc00000)
  from space 142848K, 32% used [0x000000078bc00000,0x000000078e8f0b18,0x0000000794780000)
  to   space 227328K, 0% used [0x000000079d600000,0x000000079d600000,0x00000007ab400000)
 ParOldGen       total 1053184K, used 706797K [0x00000006c0000000, 0x0000000700480000, 0x000000076ab00000)
  object space 1053184K, 67% used [0x00000006c0000000,0x00000006eb23b6e0,0x0000000700480000)
 Metaspace       used 6695K, capacity 7320K, committed 7680K, reserved 1056768K
  class space    used 628K, capacity 656K, committed 768K, reserved 1048576K
Event: 33.747 GC heap after
Heap after GC invocations=23 (full 5):
 PSYoungGen      total 774144K, used 227314K [0x000000076ab00000, 0x00000007b1a00000, 0x00000007c0000000)
  eden space 546816K, 0% used [0x000000076ab00000,0x000000076ab00000,0x000000078c100000)
  from space 227328K, 99% used [0x000000079d600000,0x00000007ab3fc878,0x00000007ab400000)
  to   space 283648K, 0% used [0x000000078c100000,0x000000078c100000,0x000000079d600000)
 ParOldGen       total 1053184K, used 752353K [0x00000006c0000000, 0x0000000700480000, 0x000000076ab00000)
  object space 1053184K, 71% used [0x00000006c0000000,0x00000006edeb8628,0x0000000700480000)
 Metaspace       used 6695K, capacity 7320K, committed 7680K, reserved 1056768K
  class space    used 628K, capacity 656K, committed 768K, reserved 1048576K
}
Event: 34.888 GC heap before
{Heap before GC invocations=24 (full 5):
 PSYoungGen      total 774144K, used 774130K [0x000000076ab00000, 0x00000007b1a00000, 0x00000007c0000000)
  eden space 546816K, 100% used [0x000000076ab00000,0x000000078c100000,0x000000078c100000)
  from space 227328K, 99% used [0x000000079d600000,0x00000007ab3fc878,0x00000007ab400000)
  to   space 283648K, 0% used [0x000000078c100000,0x000000078c100000,0x000000079d600000)
 ParOldGen       total 1053184K, used 752353K [0x00000006c0000000, 0x0000000700480000, 0x000000076ab00000)
  object space 1053184K, 71% used [0x00000006c0000000,0x00000006edeb8628,0x0000000700480000)
 Metaspace       used 6695K, capacity 7320K, committed 7680K, reserved 1056768K
  class space    used 628K, capacity 656K, committed 768K, reserved 1048576K
Event: 35.230 GC heap after
Heap after GC invocations=24 (full 5):
 PSYoungGen      total 830464K, used 73680K [0x000000076ab00000, 0x00000007b0f00000, 0x00000007c0000000)
  eden space 546816K, 0% used [0x000000076ab00000,0x000000076ab00000,0x000000078c100000)
  from space 283648K, 25% used [0x000000078c100000,0x00000007908f40d8,0x000000079d600000)
  to   space 269824K, 0% used [0x00000007a0780000,0x00000007a0780000,0x00000007b0f00000)
 ParOldGen       total 1053184K, used 934877K [0x00000006c0000000, 0x0000000700480000, 0x000000076ab00000)
  object space 1053184K, 88% used [0x00000006c0000000,0x00000006f90f7670,0x0000000700480000)
 Metaspace       used 6695K, capacity 7320K, committed 7680K, reserved 1056768K
  class space    used 628K, capacity 656K, committed 768K, reserved 1048576K
}
Event: 35.230 GC heap before
{Heap before GC invocations=25 (full 6):
 PSYoungGen      total 830464K, used 73680K [0x000000076ab00000, 0x00000007b0f00000, 0x00000007c0000000)
  eden space 546816K, 0% used [0x000000076ab00000,0x000000076ab00000,0x000000078c100000)
  from space 283648K, 25% used [0x000000078c100000,0x00000007908f40d8,0x000000079d600000)
  to   space 269824K, 0% used [0x00000007a0780000,0x00000007a0780000,0x00000007b0f00000)
 ParOldGen       total 1053184K, used 934877K [0x00000006c0000000, 0x0000000700480000, 0x000000076ab00000)
  object space 1053184K, 88% used [0x00000006c0000000,0x00000006f90f7670,0x0000000700480000)
 Metaspace       used 6695K, capacity 7320K, committed 7680K, reserved 1056768K
  class space    used 628K, capacity 656K, committed 768K, reserved 1048576K
Event: 37.483 GC heap after
Heap after GC invocations=25 (full 6):
 PSYoungGen      total 830464K, used 0K [0x000000076ab00000, 0x00000007b0f00000, 0x00000007c0000000)
  eden space 546816K, 0% used [0x000000076ab00000,0x000000076ab00000,0x000000078c100000)
  from space 283648K, 0% used [0x000000078c100000,0x000000078c100000,0x000000079d600000)
  to   space 269824K, 0% used [0x00000007a0780000,0x00000007a0780000,0x00000007b0f00000)
 ParOldGen       total 1119744K, used 675342K [0x00000006c0000000, 0x0000000704580000, 0x000000076ab00000)
  object space 1119744K, 60% used [0x00000006c0000000,0x00000006e93838e8,0x0000000704580000)
 Metaspace       used 6695K, capacity 7320K, committed 7680K, reserved 1056768K
  class space    used 628K, capacity 656K, committed 768K, reserved 1048576K
}
Event: 39.196 GC heap before
{Heap before GC invocations=26 (full 6):
 PSYoungGen      total 830464K, used 546816K [0x000000076ab00000, 0x00000007b0f00000, 0x00000007c0000000)
  eden space 546816K, 100% used [0x000000076ab00000,0x000000078c100000,0x000000078c100000)
  from space 283648K, 0% used [0x000000078c100000,0x000000078c100000,0x000000079d600000)
  to   space 269824K, 0% used [0x00000007a0780000,0x00000007a0780000,0x00000007b0f00000)
 ParOldGen       total 1119744K, used 675342K [0x00000006c0000000, 0x0000000704580000, 0x000000076ab00000)
  object space 1119744K, 60% used [0x00000006c0000000,0x00000006e93838e8,0x0000000704580000)
 Metaspace       used 6695K, capacity 7320K, committed 7680K, reserved 1056768K
  class space    used 628K, capacity 656K, committed 768K, reserved 1048576K
Event: 39.308 GC heap after
Heap after GC invocations=26 (full 6):
 PSYoungGen      total 825856K, used 88014K [0x000000076ab00000, 0x00000007ae500000, 0x00000007c0000000)
  eden space 599040K, 0% used [0x000000076ab00000,0x000000076ab00000,0x000000078f400000)
  from space 226816K, 38% used [0x00000007a0780000,0x00000007a5d73838,0x00000007ae500000)
  to   space 254464K, 0% used [0x000000078f400000,0x000000078f400000,0x000000079ec80000)
 ParOldGen       total 1119744K, used 675342K [0x00000006c0000000, 0x0000000704580000, 0x000000076ab00000)
  object space 1119744K, 60% used [0x00000006c0000000,0x00000006e93838e8,0x0000000704580000)
 Metaspace       used 6695K, capacity 7320K, committed 7680K, reserved 1056768K
  class space    used 628K, capacity 656K, committed 768K, reserved 1048576K
}
Event: 41.017 GC heap before
{Heap before GC invocations=27 (full 6):
 PSYoungGen      total 825856K, used 687054K [0x000000076ab00000, 0x00000007ae500000, 0x00000007c0000000)
  eden space 599040K, 100% used [0x000000076ab00000,0x000000078f400000,0x000000078f400000)
  from space 226816K, 38% used [0x00000007a0780000,0x00000007a5d73838,0x00000007ae500000)
  to   space 254464K, 0% used [0x000000078f400000,0x000000078f400000,0x000000079ec80000)
 ParOldGen       total 1119744K, used 675342K [0x00000006c0000000, 0x0000000704580000, 0x000000076ab00000)
  object space 1119744K, 60% used [0x00000006c0000000,0x00000006e93838e8,0x0000000704580000)
 Metaspace       used 6801K, capacity 7384K, committed 7680K, reserved 1056768K
  class space    used 634K, capacity 656K, committed 768K, reserved 1048576K
Event: 41.242 GC heap after
Heap after GC invocations=27 (full 6):
 PSYoungGen      total 853504K, used 177319K [0x000000076ab00000, 0x00000007b3880000, 0x00000007c0000000)
  eden space 599040K, 0% used [0x000000076ab00000,0x000000076ab00000,0x000000078f400000)
  from space 254464K, 69% used [0x000000078f400000,0x000000079a129c98,0x000000079ec80000)
  to   space 268288K, 0% used [0x00000007a3280000,0x00000007a3280000,0x00000007b3880000)
 ParOldGen       total 1119744K, used 675342K [0x00000006c0000000, 0x0000000704580000, 0x000000076ab00000)
  object space 1119744K, 60% used [0x00000006c0000000,0x00000006e93838e8,0x0000000704580000)
 Metaspace       used 6801K, capacity 7384K, committed 7680K, reserved 1056768K
  class space    used 634K, capacity 656K, committed 768K, reserved 1048576K
}

