# JRE version: Java(TM) SE Runtime Environment (8.0_92-b14) (build 1.8.0_92-b14)
# Java VM: Java HotSpot(TM) 64-Bit Server VM (25.92-b14 mixed mode windows-amd64 compressed oops)
Heap:
 PSYoungGen      total 653312K, used 387165K [0x000000076ab00000, 0x00000007ac780000, 0x00000007c0000000)
  eden space 471040K, 82% used [0x000000076ab00000,0x0000000782517690,0x0000000787700000)
  from space 182272K, 0% used [0x0000000797d80000,0x0000000797d80000,0x00000007a2f80000)
  to   space 268800K, 0% used [0x0000000787700000,0x0000000787700000,0x0000000797d80000)
 ParOldGen       total 1107456K, used 699766K [0x00000006c0000000, 0x0000000703980000, 0x000000076ab00000)
  object space 1107456K, 63% used [0x00000006c0000000,0x00000006eab5db30,0x0000000703980000)
 Metaspace       used 6693K, capacity 7320K, committed 7680K, reserved 1056768K
  class space    used 628K, capacity 656K, committed 768K, reserved 1048576K
GC Heap History (10 events):
Event: 24.745 GC heap before
{Heap before GC invocations=20 (full 5):
 PSYoungGen      total 601088K, used 488960K [0x000000076ab00000, 0x000000079ba80000, 0x00000007c0000000)
  eden space 488960K, 100% used [0x000000076ab00000,0x0000000788880000,0x0000000788880000)
  from space 112128K, 0% used [0x0000000791180000,0x0000000791180000,0x0000000797f00000)
  to   space 140288K, 55% used [0x0000000788880000,0x000000078d466840,0x0000000791180000)
 ParOldGen       total 606208K, used 407451K [0x00000006c0000000, 0x00000006e5000000, 0x000000076ab00000)
  object space 606208K, 67% used [0x00000006c0000000,0x00000006d8de6e28,0x00000006e5000000)
 Metaspace       used 6692K, capacity 7320K, committed 7680K, reserved 1056768K
  class space    used 628K, capacity 656K, committed 768K, reserved 1048576K
Event: 26.739 GC heap after
Heap after GC invocations=20 (full 5):
 PSYoungGen      total 601088K, used 0K [0x000000076ab00000, 0x000000079ba80000, 0x00000007c0000000)
  eden space 488960K, 0% used [0x000000076ab00000,0x000000076ab00000,0x0000000788880000)
  from space 112128K, 0% used [0x0000000791180000,0x0000000791180000,0x0000000797f00000)
  to   space 140288K, 0% used [0x0000000788880000,0x0000000788880000,0x0000000791180000)
 ParOldGen       total 794624K, used 552246K [0x00000006c0000000, 0x00000006f0800000, 0x000000076ab00000)
  object space 794624K, 69% used [0x00000006c0000000,0x00000006e1b4d830,0x00000006f0800000)
 Metaspace       used 6692K, capacity 7320K, committed 7680K, reserved 1056768K
  class space    used 628K, capacity 656K, committed 768K, reserved 1048576K
}
Event: 28.611 GC heap before
{Heap before GC invocations=21 (full 5):
 PSYoungGen      total 601088K, used 488960K [0x000000076ab00000, 0x000000079ba80000, 0x00000007c0000000)
  eden space 488960K, 100% used [0x000000076ab00000,0x0000000788880000,0x0000000788880000)
  from space 112128K, 0% used [0x0000000791180000,0x0000000791180000,0x0000000797f00000)
  to   space 140288K, 0% used [0x0000000788880000,0x0000000788880000,0x0000000791180000)
 ParOldGen       total 794624K, used 552246K [0x00000006c0000000, 0x00000006f0800000, 0x000000076ab00000)
  object space 794624K, 69% used [0x00000006c0000000,0x00000006e1b4d830,0x00000006f0800000)
 Metaspace       used 6693K, capacity 7320K, committed 7680K, reserved 1056768K
  class space    used 628K, capacity 656K, committed 768K, reserved 1048576K
Event: 28.759 GC heap after
Heap after GC invocations=21 (full 5):
 PSYoungGen      total 629248K, used 140282K [0x000000076ab00000, 0x00000007a2f80000, 0x00000007c0000000)
  eden space 488960K, 0% used [0x000000076ab00000,0x000000076ab00000,0x0000000788880000)
  from space 140288K, 99% used [0x0000000788880000,0x000000079117e9b8,0x0000000791180000)
  to   space 182272K, 0% used [0x0000000797d80000,0x0000000797d80000,0x00000007a2f80000)
 ParOldGen       total 794624K, used 601512K [0x00000006c0000000, 0x00000006f0800000, 0x000000076ab00000)
  object space 794624K, 75% used [0x00000006c0000000,0x00000006e4b6a078,0x00000006f0800000)
 Metaspace       used 6693K, capacity 7320K, committed 7680K, reserved 1056768K
  class space    used 628K, capacity 656K, committed 768K, reserved 1048576K
}
Event: 30.206 GC heap before
{Heap before GC invocations=22 (full 5):
 PSYoungGen      total 629248K, used 629242K [0x000000076ab00000, 0x00000007a2f80000, 0x00000007c0000000)
  eden space 488960K, 100% used [0x000000076ab00000,0x0000000788880000,0x0000000788880000)
  from space 140288K, 99% used [0x0000000788880000,0x000000079117e9b8,0x0000000791180000)
  to   space 182272K, 0% used [0x0000000797d80000,0x0000000797d80000,0x00000007a2f80000)
 ParOldGen       total 794624K, used 601512K [0x00000006c0000000, 0x00000006f0800000, 0x000000076ab00000)
  object space 794624K, 75% used [0x00000006c0000000,0x00000006e4b6a078,0x00000006f0800000)
 Metaspace       used 6693K, capacity 7320K, committed 7680K, reserved 1056768K
  class space    used 628K, capacity 656K, committed 768K, reserved 1048576K
Event: 30.519 GC heap after
Heap after GC invocations=22 (full 5):
 PSYoungGen      total 653312K, used 182269K [0x000000076ab00000, 0x00000007ac780000, 0x00000007c0000000)
  eden space 471040K, 0% used [0x000000076ab00000,0x000000076ab00000,0x0000000787700000)
  from space 182272K, 99% used [0x0000000797d80000,0x00000007a2f7f720,0x00000007a2f80000)
  to   space 268800K, 0% used [0x0000000787700000,0x0000000787700000,0x0000000797d80000)
 ParOldGen       total 794624K, used 748813K [0x00000006c0000000, 0x00000006f0800000, 0x000000076ab00000)
  object space 794624K, 94% used [0x00000006c0000000,0x00000006edb43430,0x00000006f0800000)
 Metaspace       used 6693K, capacity 7320K, committed 7680K, reserved 1056768K
  class space    used 628K, capacity 656K, committed 768K, reserved 1048576K
}
Event: 30.519 GC heap before
{Heap before GC invocations=23 (full 6):
 PSYoungGen      total 653312K, used 182269K [0x000000076ab00000, 0x00000007ac780000, 0x00000007c0000000)
  eden space 471040K, 0% used [0x000000076ab00000,0x000000076ab00000,0x0000000787700000)
  from space 182272K, 99% used [0x0000000797d80000,0x00000007a2f7f720,0x00000007a2f80000)
  to   space 268800K, 0% used [0x0000000787700000,0x0000000787700000,0x0000000797d80000)
 ParOldGen       total 794624K, used 748813K [0x00000006c0000000, 0x00000006f0800000, 0x000000076ab00000)
  object space 794624K, 94% used [0x00000006c0000000,0x00000006edb43430,0x00000006f0800000)
 Metaspace       used 6693K, capacity 7320K, committed 7680K, reserved 1056768K
  class space    used 628K, capacity 656K, committed 768K, reserved 1048576K
Event: 32.104 GC heap after
Heap after GC invocations=23 (full 6):
 PSYoungGen      total 653312K, used 0K [0x000000076ab00000, 0x00000007ac780000, 0x00000007c0000000)
  eden space 471040K, 0% used [0x000000076ab00000,0x000000076ab00000,0x0000000787700000)
  from space 182272K, 0% used [0x0000000797d80000,0x0000000797d80000,0x00000007a2f80000)
  to   space 268800K, 0% used [0x0000000787700000,0x0000000787700000,0x0000000797d80000)
 ParOldGen       total 794624K, used 770155K [0x00000006c0000000, 0x00000006f0800000, 0x000000076ab00000)
  object space 794624K, 96% used [0x00000006c0000000,0x00000006ef01ad60,0x00000006f0800000)
 Metaspace       used 6693K, capacity 7320K, committed 7680K, reserved 1056768K
  class space    used 628K, capacity 656K, committed 768K, reserved 1048576K
}
Event: 33.143 GC heap before
{Heap before GC invocations=24 (full 7):
 PSYoungGen      total 653312K, used 471040K [0x000000076ab00000, 0x00000007ac780000, 0x00000007c0000000)
  eden space 471040K, 100% used [0x000000076ab00000,0x0000000787700000,0x0000000787700000)
  from space 182272K, 0% used [0x0000000797d80000,0x0000000797d80000,0x00000007a2f80000)
  to   space 268800K, 0% used [0x0000000787700000,0x0000000787700000,0x0000000797d80000)
 ParOldGen       total 794624K, used 770155K [0x00000006c0000000, 0x00000006f0800000, 0x000000076ab00000)
  object space 794624K, 96% used [0x00000006c0000000,0x00000006ef01ad60,0x00000006f0800000)
 Metaspace       used 6693K, capacity 7320K, committed 7680K, reserved 1056768K
  class space    used 628K, capacity 656K, committed 768K, reserved 1048576K
Event: 34.508 GC heap after
Heap after GC invocations=24 (full 7):
 PSYoungGen      total 653312K, used 0K [0x000000076ab00000, 0x00000007ac780000, 0x00000007c0000000)
  eden space 471040K, 0% used [0x000000076ab00000,0x000000076ab00000,0x0000000787700000)
  from space 182272K, 0% used [0x0000000797d80000,0x0000000797d80000,0x00000007a2f80000)
  to   space 268800K, 0% used [0x0000000787700000,0x0000000787700000,0x0000000797d80000)
 ParOldGen       total 1107456K, used 699766K [0x00000006c0000000, 0x0000000703980000, 0x000000076ab00000)
  object space 1107456K, 63% used [0x00000006c0000000,0x00000006eab5db30,0x0000000703980000)
 Metaspace       used 6693K, capacity 7320K, committed 7680K, reserved 1056768K
  class space    used 628K, capacity 656K, committed 768K, reserved 1048576K
}

