# JRE version: Java(TM) SE Runtime Environment (8.0_92-b14) (build 1.8.0_92-b14)
# Java VM: Java HotSpot(TM) 64-Bit Server VM (25.92-b14 mixed mode windows-amd64 compressed oops)
Heap:
 PSYoungGen      total 823808K, used 245494K [0x000000076ab00000, 0x00000007ae800000, 0x00000007c0000000)
  eden space 600064K, 40% used [0x000000076ab00000,0x0000000779abd808,0x000000078f500000)
  from space 223744K, 0% used [0x000000078f500000,0x000000078f500000,0x000000079cf80000)
  to   space 217088K, 0% used [0x00000007a1400000,0x00000007a1400000,0x00000007ae800000)
 ParOldGen       total 1132544K, used 732213K [0x00000006c0000000, 0x0000000705200000, 0x000000076ab00000)
  object space 1132544K, 64% used [0x00000006c0000000,0x00000006ecb0d788,0x0000000705200000)
 Metaspace       used 6687K, capacity 7320K, committed 7680K, reserved 1056768K
  class space    used 629K, capacity 656K, committed 768K, reserved 1048576K
GC Heap History (10 events):
Event: 23.671 GC heap before
{Heap before GC invocations=21 (full 4):
 PSYoungGen      total 723456K, used 723425K [0x000000076ab00000, 0x00000007a4c00000, 0x00000007c0000000)
  eden space 576000K, 100% used [0x000000076ab00000,0x000000078dd80000,0x000000078dd80000)
  from space 147456K, 99% used [0x0000000798a80000,0x00000007a1a78530,0x00000007a1a80000)
  to   space 177152K, 0% used [0x000000078dd80000,0x000000078dd80000,0x0000000798a80000)
 ParOldGen       total 658944K, used 439075K [0x00000006c0000000, 0x00000006e8380000, 0x000000076ab00000)
  object space 658944K, 66% used [0x00000006c0000000,0x00000006dacc8e38,0x00000006e8380000)
 Metaspace       used 6687K, capacity 7320K, committed 7680K, reserved 1056768K
  class space    used 629K, capacity 656K, committed 768K, reserved 1048576K
Event: 23.944 GC heap after
Heap after GC invocations=21 (full 4):
 PSYoungGen      total 753152K, used 94861K [0x000000076ab00000, 0x00000007a7c00000, 0x00000007c0000000)
  eden space 576000K, 0% used [0x000000076ab00000,0x000000076ab00000,0x000000078dd80000)
  from space 177152K, 53% used [0x000000078dd80000,0x0000000793a23780,0x0000000798a80000)
  to   space 176640K, 0% used [0x000000079cf80000,0x000000079cf80000,0x00000007a7c00000)
 ParOldGen       total 658944K, used 580110K [0x00000006c0000000, 0x00000006e8380000, 0x000000076ab00000)
  object space 658944K, 88% used [0x00000006c0000000,0x00000006e36839f8,0x00000006e8380000)
 Metaspace       used 6687K, capacity 7320K, committed 7680K, reserved 1056768K
  class space    used 629K, capacity 656K, committed 768K, reserved 1048576K
}
Event: 23.944 GC heap before
{Heap before GC invocations=22 (full 5):
 PSYoungGen      total 753152K, used 94861K [0x000000076ab00000, 0x00000007a7c00000, 0x00000007c0000000)
  eden space 576000K, 0% used [0x000000076ab00000,0x000000076ab00000,0x000000078dd80000)
  from space 177152K, 53% used [0x000000078dd80000,0x0000000793a23780,0x0000000798a80000)
  to   space 176640K, 0% used [0x000000079cf80000,0x000000079cf80000,0x00000007a7c00000)
 ParOldGen       total 658944K, used 580110K [0x00000006c0000000, 0x00000006e8380000, 0x000000076ab00000)
  object space 658944K, 88% used [0x00000006c0000000,0x00000006e36839f8,0x00000006e8380000)
 Metaspace       used 6687K, capacity 7320K, committed 7680K, reserved 1056768K
  class space    used 629K, capacity 656K, committed 768K, reserved 1048576K
Event: 26.496 GC heap after
Heap after GC invocations=22 (full 5):
 PSYoungGen      total 753152K, used 6667K [0x000000076ab00000, 0x00000007a7c00000, 0x00000007c0000000)
  eden space 576000K, 0% used [0x000000076ab00000,0x000000076ab00000,0x000000078dd80000)
  from space 177152K, 3% used [0x000000078dd80000,0x000000078e402f90,0x0000000798a80000)
  to   space 176640K, 0% used [0x000000079cf80000,0x000000079cf80000,0x00000007a7c00000)
 ParOldGen       total 968704K, used 658543K [0x00000006c0000000, 0x00000006fb200000, 0x000000076ab00000)
  object space 968704K, 67% used [0x00000006c0000000,0x00000006e831be70,0x00000006fb200000)
 Metaspace       used 6687K, capacity 7320K, committed 7680K, reserved 1056768K
  class space    used 629K, capacity 656K, committed 768K, reserved 1048576K
}
Event: 27.417 GC heap before
{Heap before GC invocations=23 (full 5):
 PSYoungGen      total 753152K, used 582667K [0x000000076ab00000, 0x00000007a7c00000, 0x00000007c0000000)
  eden space 576000K, 100% used [0x000000076ab00000,0x000000078dd80000,0x000000078dd80000)
  from space 177152K, 3% used [0x000000078dd80000,0x000000078e402f90,0x0000000798a80000)
  to   space 176640K, 0% used [0x000000079cf80000,0x000000079cf80000,0x00000007a7c00000)
 ParOldGen       total 968704K, used 658543K [0x00000006c0000000, 0x00000006fb200000, 0x000000076ab00000)
  object space 968704K, 67% used [0x00000006c0000000,0x00000006e831be70,0x00000006fb200000)
 Metaspace       used 6687K, capacity 7320K, committed 7680K, reserved 1056768K
  class space    used 629K, capacity 656K, committed 768K, reserved 1048576K
Event: 27.827 GC heap after
Heap after GC invocations=23 (full 5):
 PSYoungGen      total 776704K, used 176616K [0x000000076ab00000, 0x00000007ad000000, 0x00000007c0000000)
  eden space 600064K, 0% used [0x000000076ab00000,0x000000076ab00000,0x000000078f500000)
  from space 176640K, 99% used [0x000000079cf80000,0x00000007a7bfa390,0x00000007a7c00000)
  to   space 223744K, 0% used [0x000000078f500000,0x000000078f500000,0x000000079cf80000)
 ParOldGen       total 968704K, used 707274K [0x00000006c0000000, 0x00000006fb200000, 0x000000076ab00000)
  object space 968704K, 73% used [0x00000006c0000000,0x00000006eb2b2a98,0x00000006fb200000)
 Metaspace       used 6687K, capacity 7320K, committed 7680K, reserved 1056768K
  class space    used 629K, capacity 656K, committed 768K, reserved 1048576K
}
Event: 29.057 GC heap before
{Heap before GC invocations=24 (full 5):
 PSYoungGen      total 776704K, used 776680K [0x000000076ab00000, 0x00000007ad000000, 0x00000007c0000000)
  eden space 600064K, 100% used [0x000000076ab00000,0x000000078f500000,0x000000078f500000)
  from space 176640K, 99% used [0x000000079cf80000,0x00000007a7bfa390,0x00000007a7c00000)
  to   space 223744K, 0% used [0x000000078f500000,0x000000078f500000,0x000000079cf80000)
 ParOldGen       total 968704K, used 707274K [0x00000006c0000000, 0x00000006fb200000, 0x000000076ab00000)
  object space 968704K, 73% used [0x00000006c0000000,0x00000006eb2b2a98,0x00000006fb200000)
 Metaspace       used 6687K, capacity 7320K, committed 7680K, reserved 1056768K
  class space    used 629K, capacity 656K, committed 768K, reserved 1048576K
Event: 29.389 GC heap after
Heap after GC invocations=24 (full 5):
 PSYoungGen      total 823808K, used 104535K [0x000000076ab00000, 0x00000007ae800000, 0x00000007c0000000)
  eden space 600064K, 0% used [0x000000076ab00000,0x000000076ab00000,0x000000078f500000)
  from space 223744K, 46% used [0x000000078f500000,0x0000000795b15d18,0x000000079cf80000)
  to   space 217088K, 0% used [0x00000007a1400000,0x00000007a1400000,0x00000007ae800000)
 ParOldGen       total 968704K, used 879574K [0x00000006c0000000, 0x00000006fb200000, 0x000000076ab00000)
  object space 968704K, 90% used [0x00000006c0000000,0x00000006f5af5b48,0x00000006fb200000)
 Metaspace       used 6687K, capacity 7320K, committed 7680K, reserved 1056768K
  class space    used 629K, capacity 656K, committed 768K, reserved 1048576K
}
Event: 29.389 GC heap before
{Heap before GC invocations=25 (full 6):
 PSYoungGen      total 823808K, used 104535K [0x000000076ab00000, 0x00000007ae800000, 0x00000007c0000000)
  eden space 600064K, 0% used [0x000000076ab00000,0x000000076ab00000,0x000000078f500000)
  from space 223744K, 46% used [0x000000078f500000,0x0000000795b15d18,0x000000079cf80000)
  to   space 217088K, 0% used [0x00000007a1400000,0x00000007a1400000,0x00000007ae800000)
 ParOldGen       total 968704K, used 879574K [0x00000006c0000000, 0x00000006fb200000, 0x000000076ab00000)
  object space 968704K, 90% used [0x00000006c0000000,0x00000006f5af5b48,0x00000006fb200000)
 Metaspace       used 6687K, capacity 7320K, committed 7680K, reserved 1056768K
  class space    used 629K, capacity 656K, committed 768K, reserved 1048576K
Event: 31.355 GC heap after
Heap after GC invocations=25 (full 6):
 PSYoungGen      total 823808K, used 0K [0x000000076ab00000, 0x00000007ae800000, 0x00000007c0000000)
  eden space 600064K, 0% used [0x000000076ab00000,0x000000076ab00000,0x000000078f500000)
  from space 223744K, 0% used [0x000000078f500000,0x000000078f500000,0x000000079cf80000)
  to   space 217088K, 0% used [0x00000007a1400000,0x00000007a1400000,0x00000007ae800000)
 ParOldGen       total 1132544K, used 732213K [0x00000006c0000000, 0x0000000705200000, 0x000000076ab00000)
  object space 1132544K, 64% used [0x00000006c0000000,0x00000006ecb0d788,0x0000000705200000)
 Metaspace       used 6687K, capacity 7320K, committed 7680K, reserved 1056768K
  class space    used 629K, capacity 656K, committed 768K, reserved 1048576K
}

