# JRE version: Java(TM) SE Runtime Environment (8.0_92-b14) (build 1.8.0_92-b14)
# Java VM: Java HotSpot(TM) 64-Bit Server VM (25.92-b14 mixed mode windows-amd64 compressed oops)
Heap:
 PSYoungGen      total 889856K, used 640856K [0x000000076ab00000, 0x00000007b7280000, 0x00000007c0000000)
  eden space 585728K, 57% used [0x000000076ab00000,0x000000077f3db638,0x000000078e700000)
  from space 304128K, 99% used [0x000000078e700000,0x00000007a0ffacc8,0x00000007a1000000)
  to   space 301568K, 0% used [0x00000007a4c00000,0x00000007a4c00000,0x00000007b7280000)
 ParOldGen       total 984576K, used 772881K [0x00000006c0000000, 0x00000006fc180000, 0x000000076ab00000)
  object space 984576K, 78% used [0x00000006c0000000,0x00000006ef2c4788,0x00000006fc180000)
 Metaspace       used 6790K, capacity 7384K, committed 7680K, reserved 1056768K
  class space    used 635K, capacity 656K, committed 768K, reserved 1048576K
GC Heap History (10 events):
Event: 27.335 GC heap before
{Heap before GC invocations=22 (full 5):
 PSYoungGen      total 723456K, used 166908K [0x000000076ab00000, 0x00000007b1680000, 0x00000007c0000000)
  eden space 556544K, 0% used [0x000000076ab00000,0x000000076ab00000,0x000000078ca80000)
  from space 166912K, 99% used [0x000000078ca80000,0x0000000796d7f140,0x0000000796d80000)
  to   space 268800K, 0% used [0x00000007a1000000,0x00000007a1000000,0x00000007b1680000)
 ParOldGen       total 648704K, used 612728K [0x00000006c0000000, 0x00000006e7980000, 0x000000076ab00000)
  object space 648704K, 94% used [0x00000006c0000000,0x00000006e565e3b0,0x00000006e7980000)
 Metaspace       used 6679K, capacity 7320K, committed 7680K, reserved 1056768K
  class space    used 628K, capacity 656K, committed 768K, reserved 1048576K
Event: 29.817 GC heap after
Heap after GC invocations=22 (full 5):
 PSYoungGen      total 723456K, used 123497K [0x000000076ab00000, 0x00000007b1680000, 0x00000007c0000000)
  eden space 556544K, 0% used [0x000000076ab00000,0x000000076ab00000,0x000000078ca80000)
  from space 166912K, 73% used [0x000000078ca80000,0x000000079431a520,0x0000000796d80000)
  to   space 268800K, 0% used [0x00000007a1000000,0x00000007a1000000,0x00000007b1680000)
 ParOldGen       total 984576K, used 648432K [0x00000006c0000000, 0x00000006fc180000, 0x000000076ab00000)
  object space 984576K, 65% used [0x00000006c0000000,0x00000006e793c2f8,0x00000006fc180000)
 Metaspace       used 6679K, capacity 7320K, committed 7680K, reserved 1056768K
  class space    used 628K, capacity 656K, committed 768K, reserved 1048576K
}
Event: 31.496 GC heap before
{Heap before GC invocations=23 (full 5):
 PSYoungGen      total 723456K, used 680041K [0x000000076ab00000, 0x00000007b1680000, 0x00000007c0000000)
  eden space 556544K, 100% used [0x000000076ab00000,0x000000078ca80000,0x000000078ca80000)
  from space 166912K, 73% used [0x000000078ca80000,0x000000079431a520,0x0000000796d80000)
  to   space 268800K, 0% used [0x00000007a1000000,0x00000007a1000000,0x00000007b1680000)
 ParOldGen       total 984576K, used 648432K [0x00000006c0000000, 0x00000006fc180000, 0x000000076ab00000)
  object space 984576K, 65% used [0x00000006c0000000,0x00000006e793c2f8,0x00000006fc180000)
 Metaspace       used 6681K, capacity 7320K, committed 7680K, reserved 1056768K
  class space    used 628K, capacity 656K, committed 768K, reserved 1048576K
Event: 31.888 GC heap after
Heap after GC invocations=23 (full 5):
 PSYoungGen      total 854528K, used 236395K [0x000000076ab00000, 0x00000007b5580000, 0x00000007c0000000)
  eden space 585728K, 0% used [0x000000076ab00000,0x000000076ab00000,0x000000078e700000)
  from space 268800K, 87% used [0x00000007a1000000,0x00000007af6dacd0,0x00000007b1680000)
  to   space 304128K, 0% used [0x000000078e700000,0x000000078e700000,0x00000007a1000000)
 ParOldGen       total 984576K, used 745209K [0x00000006c0000000, 0x00000006fc180000, 0x000000076ab00000)
  object space 984576K, 75% used [0x00000006c0000000,0x00000006ed7be708,0x00000006fc180000)
 Metaspace       used 6681K, capacity 7320K, committed 7680K, reserved 1056768K
  class space    used 628K, capacity 656K, committed 768K, reserved 1048576K
}
Event: 33.478 GC heap before
{Heap before GC invocations=24 (full 5):
 PSYoungGen      total 854528K, used 822123K [0x000000076ab00000, 0x00000007b5580000, 0x00000007c0000000)
  eden space 585728K, 100% used [0x000000076ab00000,0x000000078e700000,0x000000078e700000)
  from space 268800K, 87% used [0x00000007a1000000,0x00000007af6dacd0,0x00000007b1680000)
  to   space 304128K, 0% used [0x000000078e700000,0x000000078e700000,0x00000007a1000000)
 ParOldGen       total 984576K, used 745209K [0x00000006c0000000, 0x00000006fc180000, 0x000000076ab00000)
  object space 984576K, 75% used [0x00000006c0000000,0x00000006ed7be708,0x00000006fc180000)
 Metaspace       used 6682K, capacity 7320K, committed 7680K, reserved 1056768K
  class space    used 629K, capacity 656K, committed 768K, reserved 1048576K
Event: 33.701 GC heap after
Heap after GC invocations=24 (full 5):
 PSYoungGen      total 889856K, used 153274K [0x000000076ab00000, 0x00000007b7280000, 0x00000007c0000000)
  eden space 585728K, 0% used [0x000000076ab00000,0x000000076ab00000,0x000000078e700000)
  from space 304128K, 50% used [0x000000078e700000,0x0000000797cae848,0x00000007a1000000)
  to   space 301568K, 0% used [0x00000007a4c00000,0x00000007a4c00000,0x00000007b7280000)
 ParOldGen       total 984576K, used 745209K [0x00000006c0000000, 0x00000006fc180000, 0x000000076ab00000)
  object space 984576K, 75% used [0x00000006c0000000,0x00000006ed7be708,0x00000006fc180000)
 Metaspace       used 6682K, capacity 7320K, committed 7680K, reserved 1056768K
  class space    used 629K, capacity 656K, committed 768K, reserved 1048576K
}
Event: 35.013 GC heap before
{Heap before GC invocations=25 (full 5):
 PSYoungGen      total 889856K, used 739002K [0x000000076ab00000, 0x00000007b7280000, 0x00000007c0000000)
  eden space 585728K, 100% used [0x000000076ab00000,0x000000078e700000,0x000000078e700000)
  from space 304128K, 50% used [0x000000078e700000,0x0000000797cae848,0x00000007a1000000)
  to   space 301568K, 0% used [0x00000007a4c00000,0x00000007a4c00000,0x00000007b7280000)
 ParOldGen       total 984576K, used 745209K [0x00000006c0000000, 0x00000006fc180000, 0x000000076ab00000)
  object space 984576K, 75% used [0x00000006c0000000,0x00000006ed7be708,0x00000006fc180000)
 Metaspace       used 6730K, capacity 7384K, committed 7680K, reserved 1056768K
  class space    used 633K, capacity 656K, committed 768K, reserved 1048576K
Event: 35.430 GC heap after
Heap after GC invocations=25 (full 5):
 PSYoungGen      total 887296K, used 244155K [0x000000076ab00000, 0x00000007b7280000, 0x00000007c0000000)
  eden space 585728K, 0% used [0x000000076ab00000,0x000000076ab00000,0x000000078e700000)
  from space 301568K, 80% used [0x00000007a4c00000,0x00000007b3a6ee48,0x00000007b7280000)
  to   space 304128K, 0% used [0x000000078e700000,0x000000078e700000,0x00000007a1000000)
 ParOldGen       total 984576K, used 745209K [0x00000006c0000000, 0x00000006fc180000, 0x000000076ab00000)
  object space 984576K, 75% used [0x00000006c0000000,0x00000006ed7be708,0x00000006fc180000)
 Metaspace       used 6730K, capacity 7384K, committed 7680K, reserved 1056768K
  class space    used 633K, capacity 656K, committed 768K, reserved 1048576K
}
Event: 36.744 GC heap before
{Heap before GC invocations=26 (full 5):
 PSYoungGen      total 887296K, used 829883K [0x000000076ab00000, 0x00000007b7280000, 0x00000007c0000000)
  eden space 585728K, 100% used [0x000000076ab00000,0x000000078e700000,0x000000078e700000)
  from space 301568K, 80% used [0x00000007a4c00000,0x00000007b3a6ee48,0x00000007b7280000)
  to   space 304128K, 0% used [0x000000078e700000,0x000000078e700000,0x00000007a1000000)
 ParOldGen       total 984576K, used 745209K [0x00000006c0000000, 0x00000006fc180000, 0x000000076ab00000)
  object space 984576K, 75% used [0x00000006c0000000,0x00000006ed7be708,0x00000006fc180000)
 Metaspace       used 6789K, capacity 7384K, committed 7680K, reserved 1056768K
  class space    used 635K, capacity 656K, committed 768K, reserved 1048576K
Event: 37.167 GC heap after
Heap after GC invocations=26 (full 5):
 PSYoungGen      total 889856K, used 304107K [0x000000076ab00000, 0x00000007b7280000, 0x00000007c0000000)
  eden space 585728K, 0% used [0x000000076ab00000,0x000000076ab00000,0x000000078e700000)
  from space 304128K, 99% used [0x000000078e700000,0x00000007a0ffacc8,0x00000007a1000000)
  to   space 301568K, 0% used [0x00000007a4c00000,0x00000007a4c00000,0x00000007b7280000)
 ParOldGen       total 984576K, used 772881K [0x00000006c0000000, 0x00000006fc180000, 0x000000076ab00000)
  object space 984576K, 78% used [0x00000006c0000000,0x00000006ef2c4788,0x00000006fc180000)
 Metaspace       used 6789K, capacity 7384K, committed 7680K, reserved 1056768K
  class space    used 635K, capacity 656K, committed 768K, reserved 1048576K
}

